#
# A fatal error has been detected by the Java Runtime Environment:
#
#  EXCEPTION_ACCESS_VIOLATION (0xc0000005) at pc=0x53d8b7f5, pid=8200, tid=0x000032b8
#
# JRE version: Java(TM) SE Runtime Environment (8.0_131-b11) (build 1.8.0_131-b11)
# Java VM: Java HotSpot(TM) Client VM (25.131-b11 mixed mode windows-x86 )
# Problematic frame:
# C  [bwapi_bridge2_5.dll+0x9b7f5]
#
# Failed to write core dump. Minidumps are not enabled by default on client versions of Windows
#
# If you would like to submit a bug report, please visit:
#   http://bugreport.java.com/bugreport/crash.jsp
# The crash happened outside the Java Virtual Machine in native code.
# See problematic frame for where to report the bug.
#

---------------  T H R E A D  ---------------

Current thread (0x0080c000):  JavaThread "main" [_thread_in_native, id=12984, stack(0x02160000,0x021b0000)]

siginfo: ExceptionCode=0xc0000005, writing address 0x1716d000

Registers:
EAX=0x00010554, EBX=0x00000000, ECX=0x151f0000, EDX=0x00a7d610
ESP=0x021adb5c, EBP=0x021adbe0, ESI=0x1767f3f4, EDI=0x021adc58
EIP=0x53d8b7f5, EFLAGS=0x00010202

Top of Stack: (sp=0x021adb5c)
0x021adb5c:   13b018bd 021adc58 1767f3f4 021adb58
0x021adb6c:   00000000 0000000f 1767f3f4 28d6d60d
0x021adb7c:   173bce80 0000000a 00000007 ffffffff
0x021adb8c:   00000007 00000514 00000000 00000000
0x021adb9c:   0000000f 00000000 021adc58 53ec013c
0x021adbac:   1767f3f4 0000000a 00000000 00000007
0x021adbbc:   00000514 00000000 ffffffff ffffffff
0x021adbcc:   00a838f8 00000000 021ade04 53e9c4c0 

Instructions: (pc=0x53d8b7f5)
0x53d8b7d5:   0f 6f 44 24 24 8b 4a 14 8b 81 48 a5 ef 01 8d 04
0x53d8b7e5:   40 f3 0f 7f 84 c1 4c a5 ef 01 f3 0f 7e 44 24 34
0x53d8b7f5:   66 0f d6 84 c1 5c a5 ef 01 8b ca 8b 42 14 ff 80
0x53d8b805:   48 a5 ef 01 8b 02 8b 40 50 ff d0 f3 0f 6f 45 08 


Register to memory mapping:

EAX=0x00010554 is an unknown value
EBX=0x00000000 is an unknown value
ECX=0x151f0000 is an unknown value
EDX=0x00a7d610 is an unknown value
ESP=0x021adb5c is pointing into the stack for thread: 0x0080c000
EBP=0x021adbe0 is pointing into the stack for thread: 0x0080c000
ESI=0x1767f3f4 is an unknown value
EDI=0x021adc58 is pointing into the stack for thread: 0x0080c000


Stack: [0x02160000,0x021b0000],  sp=0x021adb5c,  free space=310k
Native frames: (J=compiled Java code, j=interpreted, Vv=VM code, C=native code)
C  [bwapi_bridge2_5.dll+0x9b7f5]
C  [bwapi_bridge2_5.dll+0x397cd]
J 43  bwapi.Unit.move_native(JLbwapi/Position;)Z (0 bytes) @ 0x0238f078 [0x0238efd0+0xa8]
J 49% C1 Vulture.step()V (59 bytes) @ 0x0238ff10 [0x0238fe60+0xb0]
j  VultureAI.onFrame()V+4
j  bwapi.AIModule.onFrame()V+11
v  ~StubRoutines::call_stub
V  [jvm.dll+0x15af45]
V  [jvm.dll+0x2213ae]
V  [jvm.dll+0x15afde]
V  [jvm.dll+0xdcdcb]
V  [jvm.dll+0xdfd5c]
C  [bwapi_bridge2_5.dll+0x1b20d]
C  [bwapi_bridge2_5.dll+0x75101]
j  bwapi.Mirror.startGame()V+0
j  VultureAI.run()V+15
j  VultureAI.main([Ljava/lang/String;)V+7
v  ~StubRoutines::call_stub
V  [jvm.dll+0x15af45]
V  [jvm.dll+0x2213ae]
V  [jvm.dll+0x15afde]
V  [jvm.dll+0xdcb97]
V  [jvm.dll+0xe512f]
C  [javaw.exe+0x22ab]
C  [javaw.exe+0xaebf]
C  [javaw.exe+0xaf49]
C  [KERNEL32.DLL+0x18744]
C  [ntdll.dll+0x6587d]
C  [ntdll.dll+0x6584d]
C  0x00000000

Java frames: (J=compiled Java code, j=interpreted, Vv=VM code)
J 43  bwapi.Unit.move_native(JLbwapi/Position;)Z (0 bytes) @ 0x0238f034 [0x0238efd0+0x64]
J 49% C1 Vulture.step()V (59 bytes) @ 0x0238ff10 [0x0238fe60+0xb0]
j  VultureAI.onFrame()V+4
j  bwapi.AIModule.onFrame()V+11
v  ~StubRoutines::call_stub
j  bwapi.Mirror.startGame()V+0
j  VultureAI.run()V+15
j  VultureAI.main([Ljava/lang/String;)V+7
v  ~StubRoutines::call_stub

---------------  P R O C E S S  ---------------

Java Threads: ( => current thread )
  0x149a0000 JavaThread "Service Thread" daemon [_thread_blocked, id=12800, stack(0x14f80000,0x14fd0000)]
  0x14974400 JavaThread "C1 CompilerThread0" daemon [_thread_blocked, id=10160, stack(0x14ef0000,0x14f40000)]
  0x14973000 JavaThread "Attach Listener" daemon [_thread_blocked, id=11712, stack(0x14e60000,0x14eb0000)]
  0x1497cc00 JavaThread "Signal Dispatcher" daemon [_thread_blocked, id=9172, stack(0x14dd0000,0x14e20000)]
  0x14969400 JavaThread "Finalizer" daemon [_thread_blocked, id=3872, stack(0x14c20000,0x14c70000)]
  0x14953c00 JavaThread "Reference Handler" daemon [_thread_blocked, id=7548, stack(0x14b90000,0x14be0000)]
=>0x0080c000 JavaThread "main" [_thread_in_native, id=12984, stack(0x02160000,0x021b0000)]

Other Threads:
  0x022ac000 VMThread [stack: 0x14900000,0x14950000] [id=12724]
  0x1497ac00 WatcherThread [stack: 0x15130000,0x15180000] [id=11668]

VM state:not at safepoint (normal execution)

VM Mutex/Monitor currently owned by a thread: None

Heap:
 def new generation   total 4928K, used 3594K [0x04400000, 0x04950000, 0x09950000)
  eden space 4416K,  81% used [0x04400000, 0x04782a08, 0x04850000)
  from space 512K,   0% used [0x04850000, 0x04850000, 0x048d0000)
  to   space 512K,   0% used [0x048d0000, 0x048d0000, 0x04950000)
 tenured generation   total 10944K, used 0K [0x09950000, 0x0a400000, 0x14400000)
   the space 10944K,   0% used [0x09950000, 0x09950000, 0x09950200, 0x0a400000)
 Metaspace       used 2043K, capacity 2568K, committed 2624K, reserved 4480K

Card table byte_map: [0x04360000,0x043f0000] byte_map_base: 0x0433e000

Polling page: 0x003c0000

CodeCache: size=32768Kb used=704Kb max_used=704Kb free=32063Kb
 bounds [0x022e0000, 0x02398000, 0x042e0000]
 total_blobs=194 nmethods=49 adapters=76
 compilation: enabled

Compilation events (10 events):
Event: 5.492 Thread 0x14974400   45             java.util.HashMap$KeySet::iterator (12 bytes)
Event: 5.492 Thread 0x14974400 nmethod 45 0x0238f3c8 code [0x0238f4d0, 0x0238f5bc]
Event: 5.492 Thread 0x14974400   46             java.util.HashMap$KeyIterator::<init> (11 bytes)
Event: 5.492 Thread 0x14974400 nmethod 46 0x0238f648 code [0x0238f740, 0x0238f7dc]
Event: 5.492 Thread 0x14974400   47             java.util.HashMap$KeyIterator::next (8 bytes)
Event: 5.493 Thread 0x14974400 nmethod 47 0x0238f848 code [0x0238f950, 0x0238f9ec]
Event: 5.493 Thread 0x14974400   48             bwapi.AbstractPoint::getDistance (30 bytes)
Event: 5.493 Thread 0x14974400 nmethod 48 0x0238fa88 code [0x0238fb90, 0x0238fc88]
Event: 5.522 Thread 0x14974400   49 %           Vulture::step @ 10 (59 bytes)
Event: 5.522 Thread 0x14974400 nmethod 49% 0x0238fd48 code [0x0238fe60, 0x02390018]

GC Heap History (0 events):
No events

Deoptimization events (0 events):
No events

Internal exceptions (3 events):
Event: 0.024 Thread 0x0080c000 Exception <a 'java/lang/NoSuchMethodError': Method sun.misc.Unsafe.defineClass(Ljava/lang/String;[BII)Ljava/lang/Class; name or signature does not match> (0x04406e98) thrown at [C:\re\workspace\8-2-build-windows-i586-cygwin\jdk8u131\8869\hotspot\src\share
Event: 0.024 Thread 0x0080c000 Exception <a 'java/lang/NoSuchMethodError': Method sun.misc.Unsafe.prefetchRead(Ljava/lang/Object;J)V name or signature does not match> (0x04407168) thrown at [C:\re\workspace\8-2-build-windows-i586-cygwin\jdk8u131\8869\hotspot\src\share\vm\prims\jni.cpp,
Event: 0.057 Thread 0x0080c000 Exception <a 'java/io/FileNotFoundException'> (0x04452e80) thrown at [C:\re\workspace\8-2-build-windows-i586-cygwin\jdk8u131\8869\hotspot\src\share\vm\prims\jni.cpp, line 709]

Events (10 events):
Event: 2.282 loading class bwapi/Game
Event: 2.282 loading class bwapi/Game done
Event: 4.081 Executing VM operation: EnableBiasedLocking
Event: 4.081 Executing VM operation: EnableBiasedLocking done
Event: 5.485 loading class Vulture
Event: 5.485 loading class Vulture done
Event: 5.486 loading class java/util/HashMap$KeySet
Event: 5.486 loading class java/util/HashMap$KeySet done
Event: 5.486 loading class java/util/HashMap$KeyIterator
Event: 5.486 loading class java/util/HashMap$KeyIterator done


Dynamic libraries:
0x00810000 - 0x00843000 	C:\Program Files (x86)\Java\jre1.8.0_131\bin\javaw.exe
0x77310000 - 0x7749e000 	C:\WINDOWS\SYSTEM32\ntdll.dll
0x765f0000 - 0x766c0000 	C:\WINDOWS\System32\KERNEL32.DLL
0x6de80000 - 0x6deaf000 	C:\Program Files\AVAST Software\Avast\aswhookx.dll
0x75520000 - 0x756e2000 	C:\WINDOWS\System32\KERNELBASE.dll
0x75440000 - 0x754b7000 	C:\WINDOWS\System32\ADVAPI32.dll
0x75c80000 - 0x75d3d000 	C:\WINDOWS\System32\msvcrt.dll
0x76760000 - 0x767a1000 	C:\WINDOWS\System32\sechost.dll
0x75380000 - 0x75440000 	C:\WINDOWS\System32\RPCRT4.dll
0x73de0000 - 0x73e00000 	C:\WINDOWS\System32\SspiCli.dll
0x73dd0000 - 0x73dda000 	C:\WINDOWS\System32\CRYPTBASE.dll
0x754c0000 - 0x75517000 	C:\WINDOWS\System32\bcryptPrimitives.dll
0x76d30000 - 0x76e6c000 	C:\WINDOWS\System32\USER32.dll
0x77170000 - 0x77186000 	C:\WINDOWS\System32\win32u.dll
0x76410000 - 0x76431000 	C:\WINDOWS\System32\GDI32.dll
0x76950000 - 0x76aa9000 	C:\WINDOWS\System32\gdi32full.dll
0x764f0000 - 0x76569000 	C:\WINDOWS\System32\msvcp_win.dll
0x75d40000 - 0x75e58000 	C:\WINDOWS\System32\ucrtbase.dll
0x6b620000 - 0x6b82e000 	C:\WINDOWS\WinSxS\x86_microsoft.windows.common-controls_6595b64144ccf1df_6.0.15063.0_none_583b8639f462029f\COMCTL32.dll
0x76f30000 - 0x77168000 	C:\WINDOWS\System32\combase.dll
0x73f70000 - 0x73f95000 	C:\WINDOWS\System32\IMM32.DLL
0x58600000 - 0x586bf000 	C:\Program Files (x86)\Java\jre1.8.0_131\bin\msvcr100.dll
0x586c0000 - 0x58a8e000 	C:\Program Files (x86)\Java\jre1.8.0_131\bin\client\jvm.dll
0x75ed0000 - 0x75ed6000 	C:\WINDOWS\System32\PSAPI.DLL
0x730d0000 - 0x730d8000 	C:\WINDOWS\SYSTEM32\WSOCK32.dll
0x75e60000 - 0x75ec7000 	C:\WINDOWS\System32\WS2_32.dll
0x6ace0000 - 0x6ad04000 	C:\WINDOWS\SYSTEM32\WINMM.dll
0x72de0000 - 0x72de8000 	C:\WINDOWS\SYSTEM32\VERSION.dll
0x6ac20000 - 0x6ac43000 	C:\WINDOWS\SYSTEM32\WINMMBASE.dll
0x76370000 - 0x763a9000 	C:\WINDOWS\System32\cfgmgr32.dll
0x6c330000 - 0x6c33c000 	C:\Program Files (x86)\Java\jre1.8.0_131\bin\verify.dll
0x6b5f0000 - 0x6b611000 	C:\Program Files (x86)\Java\jre1.8.0_131\bin\java.dll
0x6b5d0000 - 0x6b5e3000 	C:\Program Files (x86)\Java\jre1.8.0_131\bin\zip.dll
0x73fa0000 - 0x752e8000 	C:\WINDOWS\System32\SHELL32.dll
0x76e70000 - 0x76efc000 	C:\WINDOWS\System32\shcore.dll
0x756f0000 - 0x75c74000 	C:\WINDOWS\System32\windows.storage.dll
0x76490000 - 0x764d5000 	C:\WINDOWS\System32\shlwapi.dll
0x76f00000 - 0x76f0e000 	C:\WINDOWS\System32\kernel.appcore.dll
0x76900000 - 0x76945000 	C:\WINDOWS\System32\powrprof.dll
0x75ee0000 - 0x75ef0000 	C:\WINDOWS\System32\profapi.dll
0x53cf0000 - 0x53f76000 	E:\template-projekt\template-projekt\bwapi_bridge2_5.dll
0x6f540000 - 0x6f59e000 	E:\template-projekt\template-projekt\libmpfr-4.dll
0x58580000 - 0x585f1000 	C:\Program Files (x86)\Java\jre1.8.0_131\bin\MSVCP120.dll
0x55020000 - 0x5510e000 	C:\Program Files (x86)\Java\jre1.8.0_131\bin\MSVCR120.dll
0x15180000 - 0x151e7000 	E:\template-projekt\template-projekt\libgmp-10.dll
0x73500000 - 0x7365d000 	C:\WINDOWS\SYSTEM32\dbghelp.dll

VM Arguments:
jvm_args: -Dfile.encoding=Cp1252 
java_command: VultureAI
java_class_path (initial): E:\template-projekt\template-projekt\bin;E:\template-projekt\template-projekt\lib\bwmirror_v2_5.jar
Launcher Type: SUN_STANDARD

Environment Variables:
PATH=C:/Program Files (x86)/Java/jre1.8.0_131/bin/client;C:/Program Files (x86)/Java/jre1.8.0_131/bin;C:/Program Files (x86)/Java/jre1.8.0_131/lib/i386;C:\ProgramData\Oracle\Java\javapath;C:\Windows\system32;C:\Windows;C:\Windows\System32\Wbem;C:\Windows\System32\WindowsPowerShell\v1.0\;C:\Program Files (x86)\NVIDIA Corporation\PhysX\Common;C:\WINDOWS\system32;C:\WINDOWS;C:\WINDOWS\System32\Wbem;C:\WINDOWS\System32\WindowsPowerShell\v1.0\;C:\Users\Tobias\AppData\Local\Microsoft\WindowsApps;C:\Program Files (x86)\Common Files\Hilscher GmbH\TLRDecode;E:\MikTeX\miktex\bin\x64\;;C:\Users\Tobias\Desktop;
USERNAME=Tobias
OS=Windows_NT
PROCESSOR_IDENTIFIER=Intel64 Family 6 Model 58 Stepping 9, GenuineIntel



---------------  S Y S T E M  ---------------

OS: Windows 10.0 , 64 bit Build 15063 (10.0.15063.296)

CPU:total 4 (initial active 4) (4 cores per cpu, 1 threads per core) family 6 model 58 stepping 9, cmov, cx8, fxsr, mmx, sse, sse2, sse3, ssse3, sse4.1, sse4.2, popcnt, avx, aes, clmul, erms, tsc, tscinvbit, tscinv

Memory: 4k page, physical 8320492k(4152840k free), swap 10286572k(5397260k free)

vm_info: Java HotSpot(TM) Client VM (25.131-b11) for windows-x86 JRE (1.8.0_131-b11), built on Mar 15 2017 01:26:29 by "java_re" with MS VC++ 10.0 (VS2010)

time: Wed May 17 16:44:27 2017
elapsed time: 5 seconds (0d 0h 0m 5s)

